<?xml version="1.0" encoding="UTF-8"?>
<testsuite xmlns:xsi="http://www.w3.org/2001/XMLSchema-instance" xsi:noNamespaceSchemaLocation="https://maven.apache.org/surefire/maven-surefire-plugin/xsd/surefire-test-report-3.0.xsd" version="3.0" name="com.stopsoo.meltube.MeltubeApplicationTests" time="1.977" tests="1" errors="0" skipped="0" failures="0">
  <properties>
[...]
</properties>
  <testcase name="contextLoads" classname="com.stopsoo.meltube.MeltubeApplicationTests" time="1.031">
    <system-out><![CDATA[15:13:48.053 [main] INFO org.springframework.test.context.support.AnnotationConfigContextLoaderUtils -- Could not detect default configuration classes for test class [com.stopsoo.meltube.MeltubeApplicationTests]: MeltubeApplicationTests does not declare any static, non-private, non-final, nested classes annotated with @Configuration.
15:13:48.099 [main] INFO org.springframework.boot.test.context.SpringBootTestContextBootstrapper -- Found @SpringBootConfiguration com.stopsoo.meltube.MeltubeApplication for test class com.stopsoo.meltube.MeltubeApplicationTests
15:13:48.160 [main] INFO org.springframework.boot.devtools.restart.RestartApplicationListener -- Restart disabled due to context in which it is running

  .   ____          _            __ _ _
 /\\ / ___'_ __ _ _(_)_ __  __ _ \ \ \ \
( ( )\___ | '_ | '_| | '_ \/ _` | \ \ \ \
 \\/  ___)| |_)| | | | | || (_| |  ) ) ) )
  '  |____| .__|_| |_|_| |_\__, | / / / /
 =========|_|==============|___/=/_/_/_/

 :: Spring Boot ::                (v3.3.5)

2025-02-04T15:13:48.243+09:00  WARN 9249 --- [meltube] [           main] ory$DuplicateJsonObjectContextCustomizer : 

Found multiple occurrences of org.json.JSONObject on the class path:

	jar:file:/Users/stopsoo_1208/.m2/repository/com/vaadin/external/google/android-json/0.0.20131108.vaadin1/android-json-0.0.20131108.vaadin1.jar!/org/json/JSONObject.class
	jar:file:/Users/stopsoo_1208/.m2/repository/org/json/json/20240303/json-20240303.jar!/org/json/JSONObject.class

You may wish to exclude one of them to ensure predictable runtime behavior

2025-02-04T15:13:48.250+09:00  INFO 9249 --- [meltube] [           main] c.s.meltube.MeltubeApplicationTests      : Starting MeltubeApplicationTests using Java 17.0.13 with PID 9249 (started by stopsoo_1208 in /Users/stopsoo_1208/Downloads/meltube (미완))
2025-02-04T15:13:48.250+09:00  INFO 9249 --- [meltube] [           main] c.s.meltube.MeltubeApplicationTests      : No active profile set, falling back to 1 default profile: "default"
2025-02-04T15:13:48.925+09:00  INFO 9249 --- [meltube] [           main] c.s.meltube.MeltubeApplicationTests      : Started MeltubeApplicationTests in 0.77 seconds (process running for 1.137)
null
]]></system-out>
  </testcase>
</testsuite>